/home/col/finance/venv/lib/python3.12/site-packages/sklearn/utils/validation.py:2691: UserWarning: X does not have valid feature names, but LGBMRegressor was fitted with feature names
  warnings.warn(
/home/col/finance/venv/lib/python3.12/site-packages/sklearn/utils/validation.py:2691: UserWarning: X does not have valid feature names, but LGBMRegressor was fitted with feature names
  warnings.warn(
/home/col/finance/venv/lib/python3.12/site-packages/sklearn/utils/validation.py:2691: UserWarning: X does not have valid feature names, but LGBMRegressor was fitted with feature names
  warnings.warn(
/home/col/finance/venv/lib/python3.12/site-packages/sklearn/utils/validation.py:2691: UserWarning: X does not have valid feature names, but LGBMRegressor was fitted with feature names
  warnings.warn(
/home/col/finance/venv/lib/python3.12/site-packages/sklearn/utils/validation.py:2691: UserWarning: X does not have valid feature names, but LGBMRegressor was fitted with feature names
  warnings.warn(
/home/col/finance/venv/lib/python3.12/site-packages/sklearn/utils/validation.py:2691: UserWarning: X does not have valid feature names, but LGBMRegressor was fitted with feature names
  warnings.warn(
/home/col/finance/venv/lib/python3.12/site-packages/sklearn/utils/validation.py:2691: UserWarning: X does not have valid feature names, but LGBMRegressor was fitted with feature names
  warnings.warn(
/home/col/finance/venv/lib/python3.12/site-packages/sklearn/utils/validation.py:2691: UserWarning: X does not have valid feature names, but LGBMRegressor was fitted with feature names
  warnings.warn(
/home/col/finance/venv/lib/python3.12/site-packages/sklearn/utils/validation.py:2691: UserWarning: X does not have valid feature names, but LGBMRegressor was fitted with feature names
  warnings.warn(
/home/col/finance/venv/lib/python3.12/site-packages/sklearn/utils/validation.py:2691: UserWarning: X does not have valid feature names, but LGBMRegressor was fitted with feature names
  warnings.warn(
/home/col/finance/venv/lib/python3.12/site-packages/sklearn/utils/validation.py:2691: UserWarning: X does not have valid feature names, but LGBMRegressor was fitted with feature names
  warnings.warn(
/home/col/finance/venv/lib/python3.12/site-packages/sklearn/utils/validation.py:2691: UserWarning: X does not have valid feature names, but LGBMRegressor was fitted with feature names
  warnings.warn(
/home/col/finance/venv/lib/python3.12/site-packages/sklearn/utils/validation.py:2691: UserWarning: X does not have valid feature names, but LGBMRegressor was fitted with feature names
  warnings.warn(
/home/col/finance/venv/lib/python3.12/site-packages/sklearn/utils/validation.py:2691: UserWarning: X does not have valid feature names, but LGBMRegressor was fitted with feature names
  warnings.warn(
/home/col/finance/venv/lib/python3.12/site-packages/sklearn/utils/validation.py:2691: UserWarning: X does not have valid feature names, but LGBMRegressor was fitted with feature names
  warnings.warn(
/home/col/finance/venv/lib/python3.12/site-packages/sklearn/utils/validation.py:2691: UserWarning: X does not have valid feature names, but LGBMRegressor was fitted with feature names
  warnings.warn(
/home/col/finance/venv/lib/python3.12/site-packages/sklearn/utils/validation.py:2691: UserWarning: X does not have valid feature names, but LGBMRegressor was fitted with feature names
  warnings.warn(
/home/col/finance/venv/lib/python3.12/site-packages/sklearn/utils/validation.py:2691: UserWarning: X does not have valid feature names, but LGBMRegressor was fitted with feature names
  warnings.warn(
/home/col/finance/venv/lib/python3.12/site-packages/sklearn/utils/validation.py:2691: UserWarning: X does not have valid feature names, but LGBMRegressor was fitted with feature names
  warnings.warn(
/home/col/finance/venv/lib/python3.12/site-packages/sklearn/utils/validation.py:2691: UserWarning: X does not have valid feature names, but LGBMRegressor was fitted with feature names
  warnings.warn(
/home/col/finance/venv/lib/python3.12/site-packages/sklearn/utils/validation.py:2691: UserWarning: X does not have valid feature names, but LGBMRegressor was fitted with feature names
  warnings.warn(
/home/col/finance/venv/lib/python3.12/site-packages/sklearn/utils/validation.py:2691: UserWarning: X does not have valid feature names, but LGBMRegressor was fitted with feature names
  warnings.warn(
/home/col/finance/venv/lib/python3.12/site-packages/sklearn/utils/validation.py:2691: UserWarning: X does not have valid feature names, but LGBMRegressor was fitted with feature names
  warnings.warn(
/home/col/finance/venv/lib/python3.12/site-packages/sklearn/utils/validation.py:2691: UserWarning: X does not have valid feature names, but LGBMRegressor was fitted with feature names
  warnings.warn(
/home/col/finance/venv/lib/python3.12/site-packages/sklearn/utils/validation.py:2691: UserWarning: X does not have valid feature names, but LGBMRegressor was fitted with feature names
  warnings.warn(
/home/col/finance/venv/lib/python3.12/site-packages/sklearn/utils/validation.py:2691: UserWarning: X does not have valid feature names, but LGBMRegressor was fitted with feature names
  warnings.warn(
/home/col/finance/venv/lib/python3.12/site-packages/sklearn/utils/validation.py:2691: UserWarning: X does not have valid feature names, but LGBMRegressor was fitted with feature names
  warnings.warn(
/home/col/finance/venv/lib/python3.12/site-packages/sklearn/utils/validation.py:2691: UserWarning: X does not have valid feature names, but LGBMRegressor was fitted with feature names
  warnings.warn(
/home/col/finance/venv/lib/python3.12/site-packages/sklearn/utils/validation.py:2691: UserWarning: X does not have valid feature names, but LGBMRegressor was fitted with feature names
  warnings.warn(
/home/col/finance/venv/lib/python3.12/site-packages/sklearn/utils/validation.py:2691: UserWarning: X does not have valid feature names, but LGBMRegressor was fitted with feature names
  warnings.warn(
/home/col/finance/venv/lib/python3.12/site-packages/sklearn/utils/validation.py:2691: UserWarning: X does not have valid feature names, but LGBMRegressor was fitted with feature names
  warnings.warn(
/home/col/finance/venv/lib/python3.12/site-packages/sklearn/utils/validation.py:2691: UserWarning: X does not have valid feature names, but LGBMRegressor was fitted with feature names
  warnings.warn(
/home/col/finance/venv/lib/python3.12/site-packages/sklearn/utils/validation.py:2691: UserWarning: X does not have valid feature names, but LGBMRegressor was fitted with feature names
  warnings.warn(
/home/col/finance/venv/lib/python3.12/site-packages/sklearn/utils/validation.py:2691: UserWarning: X does not have valid feature names, but LGBMRegressor was fitted with feature names
  warnings.warn(
/home/col/finance/venv/lib/python3.12/site-packages/sklearn/utils/validation.py:2691: UserWarning: X does not have valid feature names, but LGBMRegressor was fitted with feature names
  warnings.warn(
Phase 2 cleaned panel: rows=9276 cities=30
per-city counts:
city
amsterdam       176
athens          207
atlanta         265
berlin          473
boston          265
bucharest       213
chicago         265
copenhagen      473
dallas          265
denver          265
dublin          265
houston         265
las_vegas       265
lisbon          436
london          114
los_angeles     265
madrid          473
miami           265
milan           420
new_york        265
paris           317
philadelphia    265
phoenix         265
rome            421
san_diego       265
seattle         265
st_louis        265
stockholm       367
vienna          473
warsaw          473

Queue size: 116 hypotheses

=== Phase 2 starting reference: ExtraTrees on baseline ===
  baseline ExtraTrees MAE=45.558  R2=0.7445  AUC=0.8220
  H001 REVERT MAE=45.587  AUC=0.8220  (add tw_night_c_max)
  H002 REVERT MAE=45.713  AUC=0.8245  (add tw_night_c_mean)
  H003 REVERT MAE=45.733  AUC=0.8253  (add tw_night_c_max+mean)
  H004 REVERT MAE=45.521  AUC=0.8239  (add consecutive_nights_tw_above_24_count)
  H005 REVERT MAE=45.400  AUC=0.8244  (add tw_day_night_spread_c)
  H006 REVERT MAE=45.644  AUC=0.8227  (add tropical_night_count_week (Tmin>=20))
  H007 REVERT MAE=45.642  AUC=0.8203  (add tropical_night_count_tw22 (wet-bulb))
  H008 REVERT MAE=45.578  AUC=0.8247  (add tw_night_c_max_p95_anomaly)
  H009 REVERT MAE=45.745  AUC=0.8253  (add tw_night_c_mean_p90_anomaly)
  H010 REVERT MAE=45.620  AUC=0.8259  (add tw_night_c_max_zscore_city)
  H011 REVERT MAE=45.634  AUC=0.8248  (widen night window 22:00-06:00 (tw_night_c_max_nw22))
  H012 REVERT MAE=45.672  AUC=0.8264  (narrow night window 02:00-06:00 (tw_night_c_max_nw02))
  H013 REVERT MAE=45.603  AUC=0.8247  (add tw_night_c_min)
  H014 DEFER  MAE=nan  AUC=nan  (Davies-Jones wet-bulb (gated on ERA5))
  H015 DEFER  MAE=nan  AUC=nan  (night-time UTCI (gated on ERA5-HEAT))
  H016 DEFER  MAE=nan  AUC=nan  (tw_night_c_max x age65p (gated on age data))
  H017 DEFER  MAE=nan  AUC=nan  (tw_night_c_max x AC penetration (gated))
  H018 REVERT MAE=45.473  AUC=0.8226  (3-day rolling tw_night_max peak)
  H019 REVERT MAE=45.692  AUC=0.8253  (wet-bulb compound flag (compound_tw_days_count))
  H020 REVERT MAE=45.554  AUC=0.8227  (tw degree-hours above 26 C)
  H021 REVERT MAE=45.487  AUC=0.8261  (tw degree-hours above 24 C)
  H022 KEEP   MAE=44.709  AUC=0.8253  (4-week rolling tw_night max (heat-priming))
  H023 DEFER  MAE=nan  AUC=nan  (Davies-Jones whole pipeline)
  H024 DEFER  MAE=nan  AUC=nan  (elevation-stratified Stull/DJ)
  H025 DEFER  MAE=nan  AUC=nan  (sWBGT)
  H026 DEFER  MAE=nan  AUC=nan  (Liljegren WBGT)
  H027 REVERT MAE=44.885  AUC=0.8262  (tmax x tmin interaction)
  H028 REVERT MAE=44.815  AUC=0.8226  (Tang 2-day compound flag)
  H029 REVERT MAE=44.895  AUC=0.8232  (Yin 3-day compound flag)
  H030 REVERT MAE=44.767  AUC=0.8232  (compound_days_count)
  H031 REVERT MAE=44.708  AUC=0.8244  (heatwave_type_ordinal)
  H032 REVERT MAE=44.743  AUC=0.8289  (compound_days_4w_lag)
  H033 REVERT MAE=44.739  AUC=0.8263  (fixed Tmax>=35 3-day flag)
  H034 REVERT MAE=44.790  AUC=0.8279  (p95 3-day flag)
  H035 REVERT MAE=44.858  AUC=0.8251  (EuroHEAT flag)
  H036 REVERT MAE=44.890  AUC=0.8273  (Hobday calendar-day p90 5-day flag)
  H037 DEFER  MAE=nan  AUC=nan  (NWS HeatRisk feature)
  H038 DEFER  MAE=nan  AUC=nan  (UK HHAS feature)
  H039 REVERT MAE=44.777  AUC=0.8243  (ensemble of 3 HW definitions vote)
  H040 REVERT MAE=44.901  AUC=0.8281  (Russo HWMI)
  H041 REVERT MAE=44.868  AUC=0.8247  (tw_c_mean - city MMT)
  H042 REVERT MAE=44.833  AUC=0.8247  (MMT percentile)
  H043 DEFER  MAE=nan  AUC=nan  (1961-1990 climatology)
  H044 DEFER  MAE=nan  AUC=nan  (1991-2020 climatology)
  H045 REVERT MAE=44.932  AUC=0.8263  (year-index x tw interaction)
  H046 REVERT MAE=44.505  AUC=0.8280  (lag-0/1 tmax rolling max)
  H047 REVERT MAE=44.469  AUC=0.8257  (0-14 day Tw rolling mean (2-week))
  H048 KEEP   MAE=44.048  AUC=0.8256  (0-21 day Tw rolling mean (3-week))
  H049 REVERT MAE=43.741  AUC=0.8242  (0-28 day Tw rolling mean (4-week))
  H050 REVERT MAE=44.055  AUC=0.8232  (DLNM-style cross-basis tw weekly lag1..4)
  H051 REVERT MAE=44.073  AUC=0.8215  (DLNM-style cross-basis tw_night weekly lag1..4)
  H052 REVERT MAE=43.755  AUC=0.8193  (separate cold lag basis)
  H053 DEFER  MAE=nan  AUC=nan  (pct_age_65p)
  H054 DEFER  MAE=nan  AUC=nan  (ac_penetration_pct)
  H055 DEFER  MAE=nan  AUC=nan  (UHI intensity)
  H056 DEFER  MAE=nan  AUC=nan  (deprivation index)
  H057 KEEP   MAE=43.339  AUC=0.8244  (prior_week_pscore (autocorrelation))
  H058 KEEP   MAE=42.311  AUC=0.8184  (prior_4w_mean_pscore)
  H059 REVERT MAE=42.455  AUC=0.8183  (tw_night x lat (vulnerability proxy))
  H060 DEFER  MAE=nan  AUC=nan  (city minus country p90)
  H061 DEFER  MAE=nan  AUC=nan  (PM2.5 weekly mean)
  H062 DEFER  MAE=nan  AUC=nan  (O3 weekly mean)
  H063 DEFER  MAE=nan  AUC=nan  (wildfire smoke flag)
  H064 DEFER  MAE=nan  AUC=nan  (PM2.5 x tw_night)
  H065 DEFER  MAE=nan  AUC=nan  (O3 8-hour daily max)
  H066 KEEP   MAE=41.416  AUC=0.8185  (country fixed effects)
  H067 REVERT MAE=41.416  AUC=0.8185  (city fixed effects already in baseline (sanity))
  H068 DEFER  MAE=nan  AUC=nan  (per-city ensemble)
  H069 DEFER  MAE=nan  AUC=nan  (Köppen-cluster ensemble)
  H070 DEFER  MAE=nan  AUC=nan  (log-rate target (gated))
  H071 REVERT MAE=41.416  AUC=0.8185  (raw excess_deaths target (already baseline))
  H072 DEFER  MAE=nan  AUC=nan  (binary classifier on p>=0.10)
  H073 DEFER  MAE=nan  AUC=nan  (binary classifier on p>=0.20)
  H074 DEFER  MAE=nan  AUC=nan  (age-standardised mortality rate)
  H075 DEFER  MAE=nan  AUC=nan  (predict lag heat->mortality peak)
  H076 DEFER  MAE=nan  AUC=nan  (survival weeks-to-pscore-neg)
  H077 REVERT MAE=83.890  AUC=0.8016  (quantile regression tau=0.95)
  H078 KEEP   MAE=40.838  AUC=0.8197  (DLNM-like dry-bulb cross-basis weekly lag1..4)
  H079 DEFER  MAE=nan  AUC=nan  (penalised DLNM)
  H080 REVERT MAE=42.159  AUC=0.8204  (LightGBM max_depth=8)
  H081 REVERT MAE=42.468  AUC=0.8150  (LightGBM lr=0.02 n=2000)
  H082 REVERT MAE=42.600  AUC=0.8222  (LightGBM min_child_samples=20)
  H083 REVERT MAE=42.702  AUC=0.8186  (LightGBM subsample=0.8 cb=0.8)
  H084 REVERT MAE=42.666  AUC=0.8204  (LightGBM num_leaves=63)
  H085 DEFER  MAE=nan  AUC=nan  (LightGBM monotone constraints (gated))
  H086 REVERT MAE=42.158  AUC=0.8251  (XGBoost re-pivot)
  H087 REVERT MAE=40.838  AUC=0.8197  (ExtraTrees re-pivot (current best))
  H088 REVERT MAE=42.212  AUC=0.8169  (RandomForest re-pivot)
  H089 REVERT MAE=61.854  AUC=0.7505  (Ridge sanity check)
  H090 REVERT MAE=66.138  AUC=0.8174  (Quantile LGBM tau=0.9)
  H091 DEFER  MAE=nan  AUC=nan  (Poisson LGBM (gated))
  H092 DEFER  MAE=nan  AUC=nan  (Tweedie LGBM (gated))
  H093 DEFER  MAE=nan  AUC=nan  (stacked DLNM+LGBM)
  H094 DEFER  MAE=nan  AUC=nan  (ERA5-Land replacement)
  H095 DEFER  MAE=nan  AUC=nan  (UHI correction)
  H096 DEFER  MAE=nan  AUC=nan  (HadISDH climatology)
  H097 DEFER  MAE=nan  AUC=nan  (SPI-3)
  H098 DEFER  MAE=nan  AUC=nan  (30-day precipitation anomaly)
  H099 DEFER  MAE=nan  AUC=nan  (soil moisture percentile)
  H100 KEEP   MAE=40.334  AUC=0.8198  (week-of-year cyclic)
  H101 DEFER  MAE=nan  AUC=nan  (holiday flag)
  H102 REVERT MAE=40.422  AUC=0.8157  (tw_night x sin(week))
  H103 REVERT MAE=40.388  AUC=0.8176  (days_since_jun1)
  H104 DEFER  MAE=nan  AUC=nan  (keep COVID weeks + dummy)
  H105 DEFER  MAE=nan  AUC=nan  (Farrington baseline)
  H106 DEFER  MAE=nan  AUC=nan  (Storm Events Excessive Heat flag)
  H107 DEFER  MAE=nan  AUC=nan  (power outage flag)
  H108 DEFER  MAE=nan  AUC=nan  (wildfire acres burned)
  H109 DEFER  MAE=nan  AUC=nan  (isotonic post-calibration)
  H110 DEFER  MAE=nan  AUC=nan  (Platt post-calibration)
  H111 DEFER  MAE=nan  AUC=nan  (conformal MAPIE)
  H112 DEFER  MAE=nan  AUC=nan  (focal loss)
  H113 REVERT MAE=40.334  AUC=0.8198  (nowcast horizon 0 (=baseline))
  H114 REVERT MAE=40.107  AUC=0.8158  (1-week-ahead lagged features)
  H115 REVERT MAE=40.633  AUC=0.8175  (2-week-ahead lagged features)
  H116 REVERT MAE=40.529  AUC=0.8149  (3-week-ahead lagged features)

Total Phase 2 wall time: 683.3s

=========================================================
PHASE 2 SUMMARY
=========================================================

KEEP/REVERT/DEFER counts:
decision
REVERT    58
DEFER     51
KEEP       7

Top 15 KEEPs by MAE:
exp_id                                          desc       mae       r2      auc
  H100                           week-of-year cyclic 40.334228 0.824657 0.819757
  H078 DLNM-like dry-bulb cross-basis weekly lag1..4 40.838171 0.818162 0.819700
  H066                         country fixed effects 41.416244 0.812497 0.818512
  H058                          prior_4w_mean_pscore 42.310799 0.801363 0.818442
  H057           prior_week_pscore (autocorrelation) 43.338582 0.790898 0.824392
  H048             0-21 day Tw rolling mean (3-week) 44.047759 0.762555 0.825605
  H022    4-week rolling tw_night max (heat-priming) 44.709184 0.755526 0.825276

Phase 2 final best:
  model = extratrees kw={}
  features = 70 cols (last added shown)
  added on top of baseline: ['tw_night_c_max_roll4w', 'tw_rolling_21d_mean', 'prior_week_pscore', 'prior_4w_mean_pscore', 'country_US', 'country_FR', 'country_GB', 'country_ES', 'country_IT', 'country_DE', 'country_GR', 'country_PT', 'country_RO', 'country_AT', 'country_PL', 'country_SE', 'country_DK', 'country_IE', 'country_NL', 'tmax_c_mean_lag1', 'tmax_c_mean_lag2', 'tmax_c_mean_lag3', 'tmax_c_mean_lag4', 'week_of_year_sin', 'week_of_year_cos']
  MAE=40.334  RMSE=61.235  R2=0.8247  AUC=0.8198  Brier=0.1413

=== Flagship night-time wet-bulb verdict (H001-H022) ===
  KEEP=1  REVERT=17  DEFER=4  / 22
  Best individual flagship MAE (post baseline):
    H022 MAE=44.709 AUC=0.8253  4-week rolling tw_night max (heat-priming)
    H005 MAE=45.400 AUC=0.8244  add tw_day_night_spread_c
    H018 MAE=45.473 AUC=0.8226  3-day rolling tw_night_max peak
    H021 MAE=45.487 AUC=0.8261  tw degree-hours above 24 C
    H004 MAE=45.521 AUC=0.8239  add consecutive_nights_tw_above_24_count

  Stacked all 22 flagship feats on ExtraTrees baseline: MAE=45.617 R2=0.7382 AUC=0.8262
  ExtraTrees(city + lat + log_pop + tw_night_c_max) only: MAE=81.096 AUC=0.6078
  ExtraTrees(city + lat + log_pop) only (no atmosphere): MAE=64.034 AUC=0.5829

  Tree-to-linear ratio on Phase 2 best feature set: 40.33 / 61.87 = 0.652  -- RELATIONSHIP MOSTLY LINEAR

  Improvement E00 -> Phase 2 best:
    MAE: 47.488 -> 40.334 (+15.06%)
    R2:  0.6974 -> 0.8247 (+12.73pp)
    AUC: 0.8277 -> 0.8198 (-0.79pp)

Deferred (51):
  H014: Davies-Jones wet-bulb (gated on ERA5)
  H015: night-time UTCI (gated on ERA5-HEAT)
  H016: tw_night_c_max x age65p (gated on age data)
  H017: tw_night_c_max x AC penetration (gated)
  H023: Davies-Jones whole pipeline
  H024: elevation-stratified Stull/DJ
  H025: sWBGT
  H026: Liljegren WBGT
  H037: NWS HeatRisk feature
  H038: UK HHAS feature
  H043: 1961-1990 climatology
  H044: 1991-2020 climatology
  H053: pct_age_65p
  H054: ac_penetration_pct
  H055: UHI intensity
  H056: deprivation index
  H060: city minus country p90
  H061: PM2.5 weekly mean
  H062: O3 weekly mean
  H063: wildfire smoke flag
  H064: PM2.5 x tw_night
  H065: O3 8-hour daily max
  H068: per-city ensemble
  H069: Köppen-cluster ensemble
  H070: log-rate target (gated)
  H072: binary classifier on p>=0.10
  H073: binary classifier on p>=0.20
  H074: age-standardised mortality rate
  H075: predict lag heat->mortality peak
  H076: survival weeks-to-pscore-neg
  H079: penalised DLNM
  H085: LightGBM monotone constraints (gated)
  H091: Poisson LGBM (gated)
  H092: Tweedie LGBM (gated)
  H093: stacked DLNM+LGBM
  H094: ERA5-Land replacement
  H095: UHI correction
  H096: HadISDH climatology
  H097: SPI-3
  H098: 30-day precipitation anomaly
  H099: soil moisture percentile
  H101: holiday flag
  H104: keep COVID weeks + dummy
  H105: Farrington baseline
  H106: Storm Events Excessive Heat flag
  H107: power outage flag
  H108: wildfire acres burned
  H109: isotonic post-calibration
  H110: Platt post-calibration
  H111: conformal MAPIE
  H112: focal loss
